{"uid":"13e643e80195a0b5","name":"test_user_profile_page_visible","fullName":"dream_platform.ui.tests.test_user_page#test_user_profile_page_visible","historyId":"17e3d80a79c86dc0596781371bcb16d1","time":{"start":1769301879341,"stop":1769301879341,"duration":0},"description":"Check that user profile page elements are visible after login.","descriptionHtml":"<p>Check that user profile page elements are visible after login.</p>\n","status":"failed","statusMessage":"AssertionError: Locator expected to be visible\nActual value: None\nError: element(s) not found \nCall log:\n  - Expect \"to_be_visible\" with timeout 5000ms\n  - waiting for get_by_role(\"button\", name=\"Exit\")","statusTrace":"browser_page = <Page url='https://dp.dev.qone-dev.com/login'>\nbase_url = 'https://dp.dev.qone-dev.com/'\nconfig = {'default': 'production', 'environments': {'local': '', 'production': 'https://dp.dev.qone-dev.com/', 'staging': ''}, ...Pass123!', 'password': 'NewPass1234!', 'password_outlook': 'T!650876172432up', 'username': 'test_user@quantumone.ae'}}}\n\n    @pytest.fixture\n    def login_as_user(browser_page, base_url, config):\n        login = LoginPage(browser_page, base_url)\n        login.open_login()\n        login.enter_username(EMPLOYEE_USERNAME)\n        login.enter_password(EMPLOYEE_PASSWORD)\n        login.click_login()\n>       expect(login.exit_button).to_be_visible()\nE       AssertionError: Locator expected to be visible\nE       Actual value: None\nE       Error: element(s) not found \nE       Call log:\nE         - Expect \"to_be_visible\" with timeout 5000ms\nE         - waiting for get_by_role(\"button\", name=\"Exit\")\n\ndream_platform/conftest.py:92: AssertionError","flaky":false,"newFailed":true,"newBroken":false,"newPassed":false,"retriesCount":0,"retriesStatusChange":false,"beforeStages":[{"name":"browser_page","time":{"start":1769301716966,"stop":1769301718285,"duration":1319},"status":"passed","steps":[],"attachments":[],"parameters":[],"shouldDisplayMessage":false,"stepsCount":0,"attachmentsCount":0,"hasContent":false,"attachmentStep":false},{"name":"config","time":{"start":1769301718285,"stop":1769301718286,"duration":1},"status":"passed","steps":[],"attachments":[],"parameters":[],"shouldDisplayMessage":false,"stepsCount":0,"attachmentsCount":0,"hasContent":false,"attachmentStep":false},{"name":"base_url","time":{"start":1769301718286,"stop":1769301718287,"duration":1},"status":"passed","steps":[],"attachments":[],"parameters":[],"shouldDisplayMessage":false,"stepsCount":0,"attachmentsCount":0,"hasContent":false,"attachmentStep":false},{"name":"login_as_user","time":{"start":1769301879341,"stop":1769301885665,"duration":6324},"status":"failed","statusMessage":"AssertionError: Locator expected to be visible\nActual value: None\nError: element(s) not found \nCall log:\n  - Expect \"to_be_visible\" with timeout 5000ms\n  - waiting for get_by_role(\"button\", name=\"Exit\")\n\n","statusTrace":"  File \"/opt/hostedtoolcache/Python/3.11.14/x64/lib/python3.11/site-packages/pluggy/_callers.py\", line 38, in run_old_style_hookwrapper\n    res = yield\n          ^^^^^\n  File \"/opt/hostedtoolcache/Python/3.11.14/x64/lib/python3.11/site-packages/pluggy/_callers.py\", line 139, in _multicall\n    teardown.throw(exception)\n  File \"/opt/hostedtoolcache/Python/3.11.14/x64/lib/python3.11/site-packages/_pytest/setuponly.py\", line 36, in pytest_fixture_setup\n    return (yield)\n            ^^^^^\n  File \"/opt/hostedtoolcache/Python/3.11.14/x64/lib/python3.11/site-packages/pluggy/_callers.py\", line 121, in _multicall\n    res = hook_impl.function(*args)\n          ^^^^^^^^^^^^^^^^^^^^^^^^^\n  File \"/opt/hostedtoolcache/Python/3.11.14/x64/lib/python3.11/site-packages/_pytest/fixtures.py\", line 1202, in pytest_fixture_setup\n    result = call_fixture_func(fixturefunc, request, kwargs)\n             ^^^^^^^^^^^^^^^^^^^^^^^^^^^^^^^^^^^^^^^^^^^^^^^\n  File \"/opt/hostedtoolcache/Python/3.11.14/x64/lib/python3.11/site-packages/_pytest/fixtures.py\", line 915, in call_fixture_func\n    fixture_result = fixturefunc(**kwargs)\n                     ^^^^^^^^^^^^^^^^^^^^^\n  File \"/home/runner/work/test-automation/test-automation/test-automation/dream_platform/conftest.py\", line 92, in login_as_user\n    expect(login.exit_button).to_be_visible()\n  File \"/opt/hostedtoolcache/Python/3.11.14/x64/lib/python3.11/site-packages/playwright/sync_api/_generated.py\", line 20529, in to_be_visible\n    self._sync(self._impl_obj.to_be_visible(visible=visible, timeout=timeout))\n  File \"/opt/hostedtoolcache/Python/3.11.14/x64/lib/python3.11/site-packages/playwright/_impl/_sync_base.py\", line 115, in _sync\n    return task.result()\n           ^^^^^^^^^^^^^\n  File \"/opt/hostedtoolcache/Python/3.11.14/x64/lib/python3.11/site-packages/playwright/_impl/_assertions.py\", line 765, in to_be_visible\n    await self._expect_impl(\n  File \"/opt/hostedtoolcache/Python/3.11.14/x64/lib/python3.11/site-packages/playwright/_impl/_assertions.py\", line 85, in _expect_impl\n    raise AssertionError(\n","steps":[],"attachments":[],"parameters":[],"shouldDisplayMessage":true,"stepsCount":0,"attachmentsCount":0,"hasContent":true,"attachmentStep":false}],"afterStages":[{"name":"browser_page::teardown","time":{"start":1769301982869,"stop":1769301982911,"duration":42},"status":"passed","steps":[],"attachments":[],"parameters":[],"shouldDisplayMessage":false,"stepsCount":0,"attachmentsCount":0,"hasContent":false,"attachmentStep":false}],"labels":[{"name":"parentSuite","value":"dream_platform.ui.tests"},{"name":"suite","value":"test_user_page"},{"name":"host","value":"runnervmymu0l"},{"name":"thread","value":"6156-MainThread"},{"name":"framework","value":"pytest"},{"name":"language","value":"cpython3"},{"name":"package","value":"dream_platform.ui.tests.test_user_page"},{"name":"resultFormat","value":"allure2"}],"parameters":[],"links":[],"hidden":false,"retry":false,"extra":{"severity":"normal","retries":[],"categories":[{"name":"Product defects","matchedStatuses":[],"flaky":false}],"history":{"statistic":{"failed":1,"broken":0,"skipped":0,"passed":16,"unknown":0,"total":17},"items":[{"uid":"d3012a22c4febfd9","reportUrl":"https://YnP-ME.github.io/test-automation/allure-report//#testresult/d3012a22c4febfd9","status":"passed","time":{"start":1769215069359,"stop":1769215069752,"duration":393}},{"uid":"79dcf81a253bd44c","reportUrl":"https://YnP-ME.github.io/test-automation/allure-report//#testresult/79dcf81a253bd44c","status":"passed","time":{"start":1769174740602,"stop":1769174740995,"duration":393}},{"uid":"17622d81b3f6280e","reportUrl":"https://YnP-ME.github.io/test-automation/allure-report//#testresult/17622d81b3f6280e","status":"passed","time":{"start":1769174181920,"stop":1769174182315,"duration":395}},{"uid":"6dca9ad7ba59f220","reportUrl":"https://YnP-ME.github.io/test-automation/allure-report//#testresult/6dca9ad7ba59f220","status":"passed","time":{"start":1769173315583,"stop":1769173315976,"duration":393}},{"uid":"a858dfe2067407c0","reportUrl":"https://YnP-ME.github.io/test-automation/allure-report//#testresult/a858dfe2067407c0","status":"passed","time":{"start":1769169611299,"stop":1769169611691,"duration":392}},{"uid":"65301dc7eeb5d103","reportUrl":"https://YnP-ME.github.io/test-automation/allure-report//#testresult/65301dc7eeb5d103","status":"passed","time":{"start":1769168972875,"stop":1769168973268,"duration":393}},{"uid":"33c35da885a73be0","reportUrl":"https://YnP-ME.github.io/test-automation/allure-report//#testresult/33c35da885a73be0","status":"passed","time":{"start":1769128801520,"stop":1769128801897,"duration":377}},{"uid":"3b2391f782ee23f2","reportUrl":"https://YnP-ME.github.io/test-automation/allure-report//#testresult/3b2391f782ee23f2","status":"passed","time":{"start":1769042407214,"stop":1769042407606,"duration":392}},{"uid":"7e2b4b34c9b5bfc2","reportUrl":"https://YnP-ME.github.io/test-automation/allure-report//#testresult/7e2b4b34c9b5bfc2","status":"passed","time":{"start":1769018706920,"stop":1769018707313,"duration":393}},{"uid":"d4dcece6ed168c93","reportUrl":"https://YnP-ME.github.io/test-automation/allure-report//#testresult/d4dcece6ed168c93","status":"passed","time":{"start":1769018464078,"stop":1769018464456,"duration":378}},{"uid":"923954dd5329b89d","reportUrl":"https://YnP-ME.github.io/test-automation/allure-report//#testresult/923954dd5329b89d","status":"passed","time":{"start":1769018016493,"stop":1769018016870,"duration":377}},{"uid":"e19efe447d2ebebc","reportUrl":"https://YnP-ME.github.io/test-automation/allure-report//#testresult/e19efe447d2ebebc","status":"passed","time":{"start":1769017633526,"stop":1769017633918,"duration":392}},{"uid":"506d09a67c79cd25","reportUrl":"https://YnP-ME.github.io/test-automation/allure-report//#testresult/506d09a67c79cd25","status":"passed","time":{"start":1769016044183,"stop":1769016044576,"duration":393}},{"uid":"cad074c2df5d1ddf","reportUrl":"https://YnP-ME.github.io/test-automation/allure-report//#testresult/cad074c2df5d1ddf","status":"passed","time":{"start":1769015969470,"stop":1769015969847,"duration":377}},{"uid":"187412f26bddbfa1","reportUrl":"https://YnP-ME.github.io/test-automation/allure-report//#testresult/187412f26bddbfa1","status":"passed","time":{"start":1769014886518,"stop":1769014886910,"duration":392}},{"uid":"3090ce433070c521","reportUrl":"https://YnP-ME.github.io/test-automation/allure-report//#testresult/3090ce433070c521","status":"passed","time":{"start":1769014764082,"stop":1769014764473,"duration":391}}]},"tags":[]},"source":"13e643e80195a0b5.json","parameterValues":[]}