{"uid":"71748af5069f8c24","name":"test_timesheet_page_ui_elements","fullName":"dream_platform.ui.tests.test_user_timesheet#test_timesheet_page_ui_elements","historyId":"b231e35447eaf8ee7a4ca4f3b64fe578","time":{"start":1769301945949,"stop":1769301945949,"duration":0},"description":"Check that Timesheet page elements are visible after login.","descriptionHtml":"<p>Check that Timesheet page elements are visible after login.</p>\n","status":"failed","statusMessage":"AssertionError: Locator expected to be visible\nActual value: None\nError: element(s) not found \nCall log:\n  - Expect \"to_be_visible\" with timeout 5000ms\n  - waiting for get_by_role(\"button\", name=\"Exit\")","statusTrace":"browser_page = <Page url='https://dp.dev.qone-dev.com/login'>\nbase_url = 'https://dp.dev.qone-dev.com/'\nconfig = {'default': 'production', 'environments': {'local': '', 'production': 'https://dp.dev.qone-dev.com/', 'staging': ''}, ...Pass123!', 'password': 'NewPass1234!', 'password_outlook': 'T!650876172432up', 'username': 'test_user@quantumone.ae'}}}\n\n    @pytest.fixture\n    def login_as_user(browser_page, base_url, config):\n        login = LoginPage(browser_page, base_url)\n        login.open_login()\n        login.enter_username(EMPLOYEE_USERNAME)\n        login.enter_password(EMPLOYEE_PASSWORD)\n        login.click_login()\n>       expect(login.exit_button).to_be_visible()\nE       AssertionError: Locator expected to be visible\nE       Actual value: None\nE       Error: element(s) not found \nE       Call log:\nE         - Expect \"to_be_visible\" with timeout 5000ms\nE         - waiting for get_by_role(\"button\", name=\"Exit\")\n\ndream_platform/conftest.py:92: AssertionError","flaky":false,"newFailed":true,"newBroken":false,"newPassed":false,"retriesCount":0,"retriesStatusChange":false,"beforeStages":[{"name":"browser_page","time":{"start":1769301716966,"stop":1769301718285,"duration":1319},"status":"passed","steps":[],"attachments":[],"parameters":[],"shouldDisplayMessage":false,"stepsCount":0,"attachmentsCount":0,"hasContent":false,"attachmentStep":false},{"name":"config","time":{"start":1769301718285,"stop":1769301718286,"duration":1},"status":"passed","steps":[],"attachments":[],"parameters":[],"shouldDisplayMessage":false,"stepsCount":0,"attachmentsCount":0,"hasContent":false,"attachmentStep":false},{"name":"base_url","time":{"start":1769301718286,"stop":1769301718287,"duration":1},"status":"passed","steps":[],"attachments":[],"parameters":[],"shouldDisplayMessage":false,"stepsCount":0,"attachmentsCount":0,"hasContent":false,"attachmentStep":false},{"name":"login_as_user","time":{"start":1769301945950,"stop":1769301952729,"duration":6779},"status":"failed","statusMessage":"AssertionError: Locator expected to be visible\nActual value: None\nError: element(s) not found \nCall log:\n  - Expect \"to_be_visible\" with timeout 5000ms\n  - waiting for get_by_role(\"button\", name=\"Exit\")\n\n","statusTrace":"  File \"/opt/hostedtoolcache/Python/3.11.14/x64/lib/python3.11/site-packages/pluggy/_callers.py\", line 38, in run_old_style_hookwrapper\n    res = yield\n          ^^^^^\n  File \"/opt/hostedtoolcache/Python/3.11.14/x64/lib/python3.11/site-packages/pluggy/_callers.py\", line 139, in _multicall\n    teardown.throw(exception)\n  File \"/opt/hostedtoolcache/Python/3.11.14/x64/lib/python3.11/site-packages/_pytest/setuponly.py\", line 36, in pytest_fixture_setup\n    return (yield)\n            ^^^^^\n  File \"/opt/hostedtoolcache/Python/3.11.14/x64/lib/python3.11/site-packages/pluggy/_callers.py\", line 121, in _multicall\n    res = hook_impl.function(*args)\n          ^^^^^^^^^^^^^^^^^^^^^^^^^\n  File \"/opt/hostedtoolcache/Python/3.11.14/x64/lib/python3.11/site-packages/_pytest/fixtures.py\", line 1202, in pytest_fixture_setup\n    result = call_fixture_func(fixturefunc, request, kwargs)\n             ^^^^^^^^^^^^^^^^^^^^^^^^^^^^^^^^^^^^^^^^^^^^^^^\n  File \"/opt/hostedtoolcache/Python/3.11.14/x64/lib/python3.11/site-packages/_pytest/fixtures.py\", line 915, in call_fixture_func\n    fixture_result = fixturefunc(**kwargs)\n                     ^^^^^^^^^^^^^^^^^^^^^\n  File \"/home/runner/work/test-automation/test-automation/test-automation/dream_platform/conftest.py\", line 92, in login_as_user\n    expect(login.exit_button).to_be_visible()\n  File \"/opt/hostedtoolcache/Python/3.11.14/x64/lib/python3.11/site-packages/playwright/sync_api/_generated.py\", line 20529, in to_be_visible\n    self._sync(self._impl_obj.to_be_visible(visible=visible, timeout=timeout))\n  File \"/opt/hostedtoolcache/Python/3.11.14/x64/lib/python3.11/site-packages/playwright/_impl/_sync_base.py\", line 115, in _sync\n    return task.result()\n           ^^^^^^^^^^^^^\n  File \"/opt/hostedtoolcache/Python/3.11.14/x64/lib/python3.11/site-packages/playwright/_impl/_assertions.py\", line 765, in to_be_visible\n    await self._expect_impl(\n  File \"/opt/hostedtoolcache/Python/3.11.14/x64/lib/python3.11/site-packages/playwright/_impl/_assertions.py\", line 85, in _expect_impl\n    raise AssertionError(\n","steps":[],"attachments":[],"parameters":[],"shouldDisplayMessage":true,"stepsCount":0,"attachmentsCount":0,"hasContent":true,"attachmentStep":false}],"afterStages":[{"name":"browser_page::teardown","time":{"start":1769301982869,"stop":1769301982911,"duration":42},"status":"passed","steps":[],"attachments":[],"parameters":[],"shouldDisplayMessage":false,"stepsCount":0,"attachmentsCount":0,"hasContent":false,"attachmentStep":false}],"labels":[{"name":"parentSuite","value":"dream_platform.ui.tests"},{"name":"suite","value":"test_user_timesheet"},{"name":"host","value":"runnervmymu0l"},{"name":"thread","value":"6156-MainThread"},{"name":"framework","value":"pytest"},{"name":"language","value":"cpython3"},{"name":"package","value":"dream_platform.ui.tests.test_user_timesheet"},{"name":"resultFormat","value":"allure2"}],"parameters":[],"links":[],"hidden":false,"retry":false,"extra":{"severity":"normal","retries":[],"categories":[{"name":"Product defects","matchedStatuses":[],"flaky":false}],"history":{"statistic":{"failed":1,"broken":0,"skipped":0,"passed":16,"unknown":0,"total":17},"items":[{"uid":"bacf4a53ab0d7f9c","reportUrl":"https://YnP-ME.github.io/test-automation/allure-report//#testresult/bacf4a53ab0d7f9c","status":"passed","time":{"start":1769215089176,"stop":1769215091565,"duration":2389}},{"uid":"8fe966e57eb69a38","reportUrl":"https://YnP-ME.github.io/test-automation/allure-report//#testresult/8fe966e57eb69a38","status":"passed","time":{"start":1769174760435,"stop":1769174762831,"duration":2396}},{"uid":"60b4f64cc6bdcca1","reportUrl":"https://YnP-ME.github.io/test-automation/allure-report//#testresult/60b4f64cc6bdcca1","status":"passed","time":{"start":1769174201555,"stop":1769174202894,"duration":1339}},{"uid":"8972cb987b447a21","reportUrl":"https://YnP-ME.github.io/test-automation/allure-report//#testresult/8972cb987b447a21","status":"passed","time":{"start":1769173335016,"stop":1769173337320,"duration":2304}},{"uid":"7c45faa4fa20e5d7","reportUrl":"https://YnP-ME.github.io/test-automation/allure-report//#testresult/7c45faa4fa20e5d7","status":"passed","time":{"start":1769169630583,"stop":1769169631902,"duration":1319}},{"uid":"2bb7203d23317698","reportUrl":"https://YnP-ME.github.io/test-automation/allure-report//#testresult/2bb7203d23317698","status":"passed","time":{"start":1769168992641,"stop":1769168995025,"duration":2384}},{"uid":"62a0ce4ffb9158e3","reportUrl":"https://YnP-ME.github.io/test-automation/allure-report//#testresult/62a0ce4ffb9158e3","status":"passed","time":{"start":1769128821304,"stop":1769128823699,"duration":2395}},{"uid":"84596f3680d0f87a","reportUrl":"https://YnP-ME.github.io/test-automation/allure-report//#testresult/84596f3680d0f87a","status":"passed","time":{"start":1769042426396,"stop":1769042428699,"duration":2303}},{"uid":"acb585bf11129a64","reportUrl":"https://YnP-ME.github.io/test-automation/allure-report//#testresult/acb585bf11129a64","status":"passed","time":{"start":1769018726653,"stop":1769018728018,"duration":1365}},{"uid":"5e2ee579b2f04a95","reportUrl":"https://YnP-ME.github.io/test-automation/allure-report//#testresult/5e2ee579b2f04a95","status":"passed","time":{"start":1769018483280,"stop":1769018485587,"duration":2307}},{"uid":"56d0172e5fc58360","reportUrl":"https://YnP-ME.github.io/test-automation/allure-report//#testresult/56d0172e5fc58360","status":"passed","time":{"start":1769018035544,"stop":1769018036821,"duration":1277}},{"uid":"7811661888a4a3a2","reportUrl":"https://YnP-ME.github.io/test-automation/allure-report//#testresult/7811661888a4a3a2","status":"passed","time":{"start":1769017653224,"stop":1769017655598,"duration":2374}},{"uid":"651545f1cf40c43c","reportUrl":"https://YnP-ME.github.io/test-automation/allure-report//#testresult/651545f1cf40c43c","status":"passed","time":{"start":1769016063799,"stop":1769016066143,"duration":2344}},{"uid":"cb780bb03bbbb055","reportUrl":"https://YnP-ME.github.io/test-automation/allure-report//#testresult/cb780bb03bbbb055","status":"passed","time":{"start":1769015989286,"stop":1769015991680,"duration":2394}},{"uid":"13eafd291a13aa2c","reportUrl":"https://YnP-ME.github.io/test-automation/allure-report//#testresult/13eafd291a13aa2c","status":"passed","time":{"start":1769014905716,"stop":1769014908021,"duration":2305}},{"uid":"f810626dc52cd211","reportUrl":"https://YnP-ME.github.io/test-automation/allure-report//#testresult/f810626dc52cd211","status":"passed","time":{"start":1769014784012,"stop":1769014786427,"duration":2415}}]},"tags":[]},"source":"71748af5069f8c24.json","parameterValues":[]}