{"uid":"db80fdf2d93e2efe","name":"test_forgot_password_full_flow","fullName":"dream_platform.ui.tests.test_forgot_password#test_forgot_password_full_flow","historyId":"70d681c9392af80b2287d5dc394b20a7","time":{"start":1769012948688,"stop":1769012963136,"duration":14448},"description":"One full orchestrated test: send email → fetch → reset → verify → restore","descriptionHtml":"<p>One full orchestrated test: send email → fetch → reset → verify → restore</p>\n","status":"failed","statusMessage":"AssertionError: Locator expected to be visible\nActual value: None\nError: element(s) not found \nCall log:\n  - Expect \"to_be_visible\" with timeout 5000ms\n  - waiting for locator(\"div._success_content__wrapper_5zecm_1 h3:text('Password was successfully changed')\")\n    - waiting for\" https://dp.dev.qone-dev.com/login\" navigation to finish...\n    - navigated to \"https://dp.dev.qone-dev.com/login\"","statusTrace":"browser_page = <Page url='https://dp.dev.qone-dev.com/login'>\nbase_url = 'https://dp.dev.qone-dev.com/'\n\n    def test_forgot_password_full_flow(browser_page, base_url):\n        \"\"\"One full orchestrated test: send email → fetch → reset → verify → restore\"\"\"\n    \n        # Step 1: Wait for email and extract link\n        email_content = get_last_reset_email_graph(EMPLOYEE_USERNAME)\n        reset_link = extract_reset_link(email_content)\n    \n        # Step 2: Reset password\n        browser_page.goto(reset_link)\n        reset = ResetPasswordPage(browser_page)\n        time.sleep(1)\n    \n        reset.enter_new_password(EMPLOYEE_NEW_PASSWORD)\n        reset.click_save()\n    \n        # Step 3: Verify login works\n        login = LoginPage(browser_page, base_url)\n        login.open_login()\n        login.enter_username(EMPLOYEE_USERNAME)\n        login.enter_password(EMPLOYEE_NEW_PASSWORD)\n        login.click_login()\n    \n        expect(login.user_profile_link).to_be_visible()\n    \n        #logout\n        time.sleep(1)\n        login.click_logout()\n        login.confirm_logout()\n        # Step 4: Restore original password\n>       restore_password(browser_page, base_url)\n\ndream_platform/ui/tests/test_forgot_password.py:68: \n_ _ _ _ _ _ _ _ _ _ _ _ _ _ _ _ _ _ _ _ _ _ _ _ _ _ _ _ _ _ _ _ _ _ _ _ _ _ _ _ \n\npage = <Page url='https://dp.dev.qone-dev.com/login'>\nbase_url = 'https://dp.dev.qone-dev.com/'\n\n    def restore_password(page, base_url):\n        login = LoginPage(page, base_url)\n        user = UserPage(page, base_url)\n    \n        login.open_login()\n        login.enter_username(EMPLOYEE_USERNAME)\n        login.enter_password(EMPLOYEE_NEW_PASSWORD)\n        login.click_login()\n        time.sleep(1)\n        if user.user_profile_link.is_visible():\n            user.click_user_icon()\n            user.click_change_password()\n            user.current_password_input.fill(EMPLOYEE_NEW_PASSWORD)\n            user.new_password_input.fill(EMPLOYEE_PASSWORD)\n            user.save_password_button.click()\n>           expect(user.password_change_success).to_be_visible()\nE           AssertionError: Locator expected to be visible\nE           Actual value: None\nE           Error: element(s) not found \nE           Call log:\nE             - Expect \"to_be_visible\" with timeout 5000ms\nE             - waiting for locator(\"div._success_content__wrapper_5zecm_1 h3:text('Password was successfully changed')\")\nE               - waiting for\" https://dp.dev.qone-dev.com/login\" navigation to finish...\nE               - navigated to \"https://dp.dev.qone-dev.com/login\"\n\ndream_platform/utils/helper.py:36: AssertionError","flaky":false,"newFailed":true,"newBroken":false,"newPassed":false,"retriesCount":0,"retriesStatusChange":false,"beforeStages":[{"name":"browser_page","time":{"start":1769012928838,"stop":1769012930464,"duration":1626},"status":"passed","steps":[],"attachments":[],"parameters":[],"shouldDisplayMessage":false,"stepsCount":0,"attachmentsCount":0,"hasContent":false,"attachmentStep":false},{"name":"config","time":{"start":1769012930464,"stop":1769012930465,"duration":1},"status":"passed","steps":[],"attachments":[],"parameters":[],"shouldDisplayMessage":false,"stepsCount":0,"attachmentsCount":0,"hasContent":false,"attachmentStep":false},{"name":"base_url","time":{"start":1769012930465,"stop":1769012930466,"duration":1},"status":"passed","steps":[],"attachments":[],"parameters":[],"shouldDisplayMessage":false,"stepsCount":0,"attachmentsCount":0,"hasContent":false,"attachmentStep":false}],"testStage":{"description":"One full orchestrated test: send email → fetch → reset → verify → restore","status":"failed","statusMessage":"AssertionError: Locator expected to be visible\nActual value: None\nError: element(s) not found \nCall log:\n  - Expect \"to_be_visible\" with timeout 5000ms\n  - waiting for locator(\"div._success_content__wrapper_5zecm_1 h3:text('Password was successfully changed')\")\n    - waiting for\" https://dp.dev.qone-dev.com/login\" navigation to finish...\n    - navigated to \"https://dp.dev.qone-dev.com/login\"","statusTrace":"browser_page = <Page url='https://dp.dev.qone-dev.com/login'>\nbase_url = 'https://dp.dev.qone-dev.com/'\n\n    def test_forgot_password_full_flow(browser_page, base_url):\n        \"\"\"One full orchestrated test: send email → fetch → reset → verify → restore\"\"\"\n    \n        # Step 1: Wait for email and extract link\n        email_content = get_last_reset_email_graph(EMPLOYEE_USERNAME)\n        reset_link = extract_reset_link(email_content)\n    \n        # Step 2: Reset password\n        browser_page.goto(reset_link)\n        reset = ResetPasswordPage(browser_page)\n        time.sleep(1)\n    \n        reset.enter_new_password(EMPLOYEE_NEW_PASSWORD)\n        reset.click_save()\n    \n        # Step 3: Verify login works\n        login = LoginPage(browser_page, base_url)\n        login.open_login()\n        login.enter_username(EMPLOYEE_USERNAME)\n        login.enter_password(EMPLOYEE_NEW_PASSWORD)\n        login.click_login()\n    \n        expect(login.user_profile_link).to_be_visible()\n    \n        #logout\n        time.sleep(1)\n        login.click_logout()\n        login.confirm_logout()\n        # Step 4: Restore original password\n>       restore_password(browser_page, base_url)\n\ndream_platform/ui/tests/test_forgot_password.py:68: \n_ _ _ _ _ _ _ _ _ _ _ _ _ _ _ _ _ _ _ _ _ _ _ _ _ _ _ _ _ _ _ _ _ _ _ _ _ _ _ _ \n\npage = <Page url='https://dp.dev.qone-dev.com/login'>\nbase_url = 'https://dp.dev.qone-dev.com/'\n\n    def restore_password(page, base_url):\n        login = LoginPage(page, base_url)\n        user = UserPage(page, base_url)\n    \n        login.open_login()\n        login.enter_username(EMPLOYEE_USERNAME)\n        login.enter_password(EMPLOYEE_NEW_PASSWORD)\n        login.click_login()\n        time.sleep(1)\n        if user.user_profile_link.is_visible():\n            user.click_user_icon()\n            user.click_change_password()\n            user.current_password_input.fill(EMPLOYEE_NEW_PASSWORD)\n            user.new_password_input.fill(EMPLOYEE_PASSWORD)\n            user.save_password_button.click()\n>           expect(user.password_change_success).to_be_visible()\nE           AssertionError: Locator expected to be visible\nE           Actual value: None\nE           Error: element(s) not found \nE           Call log:\nE             - Expect \"to_be_visible\" with timeout 5000ms\nE             - waiting for locator(\"div._success_content__wrapper_5zecm_1 h3:text('Password was successfully changed')\")\nE               - waiting for\" https://dp.dev.qone-dev.com/login\" navigation to finish...\nE               - navigated to \"https://dp.dev.qone-dev.com/login\"\n\ndream_platform/utils/helper.py:36: AssertionError","steps":[],"attachments":[{"uid":"95ea4ca6bd9c95d5","name":"stdout","source":"95ea4ca6bd9c95d5.txt","type":"text/plain","size":1323}],"parameters":[],"shouldDisplayMessage":true,"stepsCount":0,"attachmentsCount":1,"hasContent":true,"attachmentStep":false},"afterStages":[{"name":"browser_page::teardown","time":{"start":1769012987521,"stop":1769012987559,"duration":38},"status":"passed","steps":[],"attachments":[],"parameters":[],"shouldDisplayMessage":false,"stepsCount":0,"attachmentsCount":0,"hasContent":false,"attachmentStep":false}],"labels":[{"name":"parentSuite","value":"dream_platform.ui.tests"},{"name":"suite","value":"test_forgot_password"},{"name":"host","value":"runnervmmtnos"},{"name":"thread","value":"6132-MainThread"},{"name":"framework","value":"pytest"},{"name":"language","value":"cpython3"},{"name":"package","value":"dream_platform.ui.tests.test_forgot_password"},{"name":"resultFormat","value":"allure2"}],"parameters":[],"links":[],"hidden":false,"retry":false,"extra":{"severity":"normal","retries":[],"categories":[{"name":"Product defects","matchedStatuses":[],"flaky":false}],"history":{"statistic":{"failed":1,"broken":5,"skipped":0,"passed":26,"unknown":0,"total":32},"items":[{"uid":"53ac47b9e02dd08c","reportUrl":"https://YnP-ME.github.io/test-automation/allure-report//#testresult/53ac47b9e02dd08c","status":"passed","time":{"start":1769012189290,"stop":1769012204501,"duration":15211}},{"uid":"f1d9ca2429b10c8d","reportUrl":"https://YnP-ME.github.io/test-automation/allure-report//#testresult/f1d9ca2429b10c8d","status":"passed","time":{"start":1769011829715,"stop":1769011850644,"duration":20929}},{"uid":"baa47c88cc86a074","reportUrl":"https://YnP-ME.github.io/test-automation/allure-report//#testresult/baa47c88cc86a074","status":"broken","statusDetails":"KeyError: 'development'","time":{"start":1769011551257,"stop":1769011551257,"duration":0}},{"uid":"9c571cbfe72f15cd","reportUrl":"https://YnP-ME.github.io/test-automation/allure-report//#testresult/9c571cbfe72f15cd","status":"broken","statusDetails":"KeyError: 'development'","time":{"start":1769011351848,"stop":1769011351848,"duration":0}},{"uid":"de4eb28b9cac7734","reportUrl":"https://YnP-ME.github.io/test-automation/allure-report//#testresult/de4eb28b9cac7734","status":"broken","statusDetails":"KeyError: 'development'","time":{"start":1769010590956,"stop":1769010590956,"duration":0}},{"uid":"1bbaae04e33a2dfc","reportUrl":"https://YnP-ME.github.io/test-automation/allure-report//#testresult/1bbaae04e33a2dfc","status":"passed","time":{"start":1769010090786,"stop":1769010106197,"duration":15411}},{"uid":"11fdcb16cdd70e12","reportUrl":"https://YnP-ME.github.io/test-automation/allure-report//#testresult/11fdcb16cdd70e12","status":"broken","statusDetails":"KeyError: 'development'","time":{"start":1769009865938,"stop":1769009865938,"duration":0}},{"uid":"7c620e2ed03861b0","reportUrl":"https://YnP-ME.github.io/test-automation/allure-report//#testresult/7c620e2ed03861b0","status":"broken","statusDetails":"playwright._impl._errors.TimeoutError: Locator.click: Timeout 30000ms exceeded.\nCall log:\n  - waiting for locator(\"input._input_1kmm2_1._input_size__md_1kmm2_32[type='text']\")\n    - locator resolved to <input disabled value=\"\" type=\"text\" class=\"_input_1kmm2_1 _input_size__md_1kmm2_32 _input_disabled_1kmm2_55\"/>\n  - attempting click action\n    2 × waiting for element to be visible, enabled and stable\n      - element is not enabled\n    - retrying click action\n    - waiting 20ms\n    2 × waiting for element to be visible, enabled and stable\n      - element is not enabled\n    - retrying click action\n      - waiting 100ms\n    58 × waiting for element to be visible, enabled and stable\n       - element is not enabled\n     - retrying click action\n       - waiting 500ms","time":{"start":1769008307445,"stop":1769008341920,"duration":34475}},{"uid":"9adcde64661d8e77","reportUrl":"https://YnP-ME.github.io/test-automation/allure-report//#testresult/9adcde64661d8e77","status":"passed","time":{"start":1769005559791,"stop":1769005575152,"duration":15361}},{"uid":"11b3d601d43282f0","reportUrl":"https://YnP-ME.github.io/test-automation/allure-report//#testresult/11b3d601d43282f0","status":"passed","time":{"start":1769004648943,"stop":1769004664688,"duration":15745}},{"uid":"79f362611dea16c7","reportUrl":"https://YnP-ME.github.io/test-automation/allure-report//#testresult/79f362611dea16c7","status":"passed","time":{"start":1769003659380,"stop":1769003675188,"duration":15808}},{"uid":"40e16bbc8c28117c","reportUrl":"https://YnP-ME.github.io/test-automation/allure-report//#testresult/40e16bbc8c28117c","status":"passed","time":{"start":1769001242402,"stop":1769001256947,"duration":14545}},{"uid":"da788389df049939","reportUrl":"https://YnP-ME.github.io/test-automation/allure-report//#testresult/da788389df049939","status":"passed","time":{"start":1768996762661,"stop":1768996778206,"duration":15545}},{"uid":"87a5c75e463b79fe","reportUrl":"https://YnP-ME.github.io/test-automation/allure-report//#testresult/87a5c75e463b79fe","status":"passed","time":{"start":1768996679751,"stop":1768996695627,"duration":15876}},{"uid":"d3a238e4200e5fda","reportUrl":"https://YnP-ME.github.io/test-automation/allure-report//#testresult/d3a238e4200e5fda","status":"passed","time":{"start":1768995432099,"stop":1768995448025,"duration":15926}},{"uid":"96a22a076ce21214","reportUrl":"https://YnP-ME.github.io/test-automation//#testresult/96a22a076ce21214","status":"passed","time":{"start":1768955912050,"stop":1768955927487,"duration":15437}},{"uid":"4502bfdd5f4967c1","reportUrl":"https://YnP-ME.github.io/test-automation//#testresult/4502bfdd5f4967c1","status":"passed","time":{"start":1768899222967,"stop":1768899238496,"duration":15529}},{"uid":"49ccd733dee79f6a","reportUrl":"https://YnP-ME.github.io/test-automation//#testresult/49ccd733dee79f6a","status":"passed","time":{"start":1768522338152,"stop":1768522353046,"duration":14894}},{"uid":"542518bcf4532665","reportUrl":"https://YnP-ME.github.io/test-automation//#testresult/542518bcf4532665","status":"passed","time":{"start":1768473531160,"stop":1768473546620,"duration":15460}},{"uid":"3e6a9eb19888c0bf","reportUrl":"https://YnP-ME.github.io/test-automation//#testresult/3e6a9eb19888c0bf","status":"passed","time":{"start":1768473179661,"stop":1768473193555,"duration":13894}}]},"tags":[]},"source":"db80fdf2d93e2efe.json","parameterValues":[]}